TN:
SF:/Users/alex/work/py-sc-fermi/py_sc_fermi/__init__.py
DA:1,1
LF:1
LH:1
end_of_record
TN:
SF:/Users/alex/work/py-sc-fermi/py_sc_fermi/defect_charge_state.py
DA:1,1
DA:2,1
DA:4,1
DA:7,1
DA:10,1
DA:32,1
DA:33,1
DA:36,1
DA:37,1
DA:38,1
DA:39,1
DA:41,1
DA:43,1
DA:45,1
DA:46,1
DA:48,1
DA:50,1
DA:51,1
DA:53,1
DA:55,1
DA:56,1
DA:58,1
DA:60,1
DA:61,1
DA:64,1
DA:66,1
DA:77,1
DA:79,1
DA:92,1
DA:93,1
DA:94,1
DA:96,1
DA:97,1
DA:99,1
DA:100,1
DA:101,1
DA:103,0
LF:37
LH:36
end_of_record
TN:
SF:/Users/alex/work/py-sc-fermi/py_sc_fermi/defect_species.py
DA:1,1
DA:4,1
DA:19,1
DA:41,1
DA:42,1
DA:43,1
DA:44,1
DA:46,1
DA:48,1
DA:50,1
DA:51,1
DA:53,1
DA:55,1
DA:56,1
DA:58,1
DA:60,1
DA:61,1
DA:66,1
DA:68,1
DA:69,1
DA:72,1
DA:74,1
DA:75,1
DA:76,1
DA:77,0
DA:78,1
DA:81,1
DA:83,1
DA:100,1
DA:105,1
DA:118,1
DA:120,1
DA:135,1
DA:136,1
DA:137,1
DA:138,1
DA:140,1
DA:152,1
DA:153,1
DA:154,1
DA:155,1
DA:156,1
DA:157,1
DA:158,1
DA:162,1
DA:163,1
DA:164,1
DA:166,0
DA:167,1
DA:168,1
DA:169,1
DA:170,1
DA:172,1
DA:189,1
DA:190,1
DA:191,1
DA:192,1
DA:194,1
DA:195,1
DA:206,1
DA:208,1
DA:225,1
DA:226,1
DA:228,1
DA:230,1
DA:234,1
DA:240,1
DA:244,1
DA:250,1
DA:266,1
DA:267,1
DA:269,1
DA:270,1
DA:271,0
DA:273,1
DA:274,1
DA:281,1
DA:288,1
DA:289,1
DA:290,1
DA:291,1
DA:292,1
DA:293,1
DA:295,1
DA:299,1
DA:300,1
DA:301,1
DA:302,1
DA:303,1
DA:304,1
DA:305,1
DA:306,1
LF:92
LH:89
end_of_record
TN:
SF:/Users/alex/work/py-sc-fermi/py_sc_fermi/defect_system.py
DA:1,1
DA:2,1
DA:3,1
DA:6,1
DA:7,1
DA:26,1
DA:27,1
DA:28,1
DA:29,1
DA:30,1
DA:31,1
DA:33,1
DA:34,0
DA:42,0
DA:43,0
DA:44,0
DA:46,1
DA:47,1
DA:48,1
DA:50,1
DA:51,1
DA:53,1
DA:70,1
DA:71,1
DA:72,1
DA:73,1
DA:74,1
DA:75,1
DA:76,1
DA:77,1
DA:80,1
DA:81,1
DA:82,1
DA:83,0
DA:84,0
DA:85,0
DA:86,0
DA:87,1
DA:88,0
DA:89,0
DA:90,0
DA:91,0
DA:92,1
DA:93,1
DA:94,1
DA:95,0
DA:96,0
DA:97,0
DA:98,0
DA:99,0
DA:100,0
DA:101,0
DA:102,0
DA:103,0
DA:106,1
DA:109,1
DA:110,0
DA:113,1
DA:118,1
DA:120,1
DA:128,0
DA:130,1
DA:137,1
DA:138,1
DA:139,1
DA:140,1
DA:141,1
DA:142,1
DA:143,1
DA:144,1
DA:145,1
DA:146,1
DA:147,0
DA:149,1
DA:152,1
DA:153,1
DA:154,1
DA:155,1
DA:156,1
DA:157,0
DA:158,0
DA:159,1
DA:160,1
DA:163,1
DA:164,1
DA:166,0
DA:168,1
DA:169,1
DA:171,1
DA:179,1
DA:185,1
DA:186,1
DA:187,1
DA:189,1
DA:201,1
DA:202,1
DA:203,1
DA:204,1
DA:205,1
DA:206,1
DA:208,1
DA:215,1
DA:216,1
DA:217,1
DA:220,1
DA:221,1
DA:222,1
DA:223,1
DA:225,1
DA:244,1
DA:245,1
DA:247,0
DA:248,1
DA:249,1
DA:251,1
DA:252,1
DA:257,0
DA:258,0
DA:259,0
DA:262,0
DA:265,0
DA:266,1
DA:272,1
DA:274,1
DA:280,1
DA:283,1
DA:287,1
DA:289,1
DA:294,1
DA:296,1
DA:297,1
DA:299,0
DA:300,1
DA:301,1
DA:302,1
DA:305,1
DA:308,1
DA:309,1
DA:310,1
DA:311,1
DA:313,1
DA:314,1
DA:317,1
DA:320,1
DA:321,1
DA:322,1
DA:326,1
DA:327,1
DA:330,1
DA:331,1
DA:332,1
DA:335,1
DA:337,1
DA:349,0
DA:350,0
DA:351,0
DA:353,0
LF:157
LH:119
end_of_record
TN:
SF:/Users/alex/work/py-sc-fermi/py_sc_fermi/dos.py
DA:1,1
DA:2,1
DA:3,1
DA:4,1
DA:6,1
DA:9,1
DA:12,1
DA:37,1
DA:38,1
DA:39,1
DA:40,1
DA:41,1
DA:42,1
DA:44,1
DA:45,1
DA:47,1
DA:49,1
DA:50,1
DA:52,1
DA:54,1
DA:55,1
DA:57,1
DA:59,1
DA:60,1
DA:62,1
DA:64,1
DA:65,1
DA:67,1
DA:69,1
DA:70,1
DA:86,1
DA:87,1
DA:88,1
DA:89,1
DA:90,1
DA:91,0
DA:95,1
DA:96,1
DA:97,1
DA:98,1
DA:99,1
DA:100,1
DA:102,1
DA:104,1
DA:105,1
DA:106,1
DA:108,1
DA:110,1
DA:111,1
DA:113,1
DA:115,1
DA:117,1
DA:119,1
DA:121,1
DA:123,1
DA:125,1
DA:127,1
DA:129,1
DA:143,1
DA:146,1
DA:149,1
DA:151,1
DA:152,1
DA:159,1
DA:160,1
LF:65
LH:64
end_of_record
TN:
SF:/Users/alex/work/py-sc-fermi/py_sc_fermi/inputs.py
DA:1,1
DA:2,1
DA:3,1
DA:4,1
DA:5,1
DA:6,1
DA:7,1
DA:8,1
DA:11,1
DA:21,1
DA:22,1
DA:23,1
DA:24,1
DA:25,1
DA:26,1
DA:27,1
DA:30,1
DA:45,1
DA:46,0
DA:48,1
DA:49,1
DA:50,1
DA:52,1
DA:55,1
DA:56,1
DA:57,1
DA:58,1
DA:61,1
DA:62,1
DA:63,1
DA:64,1
DA:65,1
DA:66,1
DA:67,1
DA:68,1
DA:69,1
DA:70,1
DA:71,1
DA:72,1
DA:73,1
DA:74,1
DA:81,1
DA:86,1
DA:89,1
DA:90,1
DA:91,1
DA:92,1
DA:93,1
DA:94,1
DA:95,1
DA:98,1
DA:99,1
DA:100,1
DA:101,1
DA:102,1
DA:103,1
DA:104,1
DA:108,1
DA:113,1
DA:119,1
DA:121,1
DA:124,1
DA:139,1
DA:140,1
DA:141,1
DA:142,1
DA:143,0
DA:144,1
DA:145,1
DA:148,1
DA:164,1
DA:165,1
DA:166,1
DA:167,0
DA:168,0
DA:169,1
DA:172,1
DA:175,1
DA:178,1
DA:189,1
DA:192,1
DA:196,1
DA:197,1
DA:198,1
DA:199,1
DA:200,1
DA:201,0
DA:202,0
DA:204,1
DA:205,1
DA:206,1
DA:215,1
DA:221,1
DA:222,1
DA:223,1
DA:224,1
DA:225,1
DA:227,1
DA:228,1
DA:229,1
DA:231,1
DA:232,1
DA:233,0
DA:236,1
DA:242,1
DA:244,1
DA:245,1
DA:248,1
DA:255,1
DA:262,1
DA:266,1
DA:267,1
DA:269,1
DA:270,0
DA:271,0
DA:272,0
DA:273,0
DA:275,0
DA:279,1
DA:281,1
DA:282,1
DA:283,0
DA:284,0
DA:285,0
DA:286,0
DA:288,0
DA:290,1
DA:294,1
DA:295,1
DA:296,1
DA:297,1
DA:299,1
LF:132
LH:115
end_of_record
TN:
SF:/Users/alex/work/py-sc-fermi/tests/__init__.py
LF:0
LH:0
end_of_record
TN:
SF:/Users/alex/work/py-sc-fermi/tests/test_defect_charge_state.py
DA:1,1
DA:2,1
DA:5,1
DA:6,1
DA:7,1
DA:8,1
DA:9,1
DA:10,1
DA:13,1
DA:14,1
DA:15,1
DA:16,1
DA:18,1
DA:19,1
DA:20,1
DA:23,1
DA:24,1
DA:25,1
DA:26,1
DA:27,1
DA:28,1
DA:32,1
DA:33,1
DA:37,1
DA:38,1
DA:42,1
DA:43,1
DA:47,1
DA:48,1
DA:49,1
DA:50,1
DA:52,1
DA:53,1
DA:54,1
DA:55,1
DA:57,1
DA:58,1
DA:59,1
DA:60,1
DA:63,1
DA:65,1
DA:66,1
DA:67,1
DA:68,1
DA:69,1
DA:72,1
DA:74,1
DA:75,1
DA:81,1
DA:82,0
LF:50
LH:49
end_of_record
TN:
SF:/Users/alex/work/py-sc-fermi/tests/test_defect_species.py
DA:1,1
DA:2,1
DA:4,1
DA:6,1
DA:7,1
DA:10,1
DA:11,1
DA:12,1
DA:13,1
DA:14,1
DA:18,1
DA:19,1
DA:20,1
DA:23,1
DA:24,1
DA:25,1
DA:26,1
DA:27,1
DA:30,1
DA:31,1
DA:32,1
DA:33,1
DA:34,1
DA:39,1
DA:40,1
DA:41,1
DA:42,1
DA:46,1
DA:47,1
DA:49,1
DA:50,1
DA:52,1
DA:53,1
DA:57,1
DA:58,1
DA:59,1
DA:64,1
DA:65,1
DA:66,1
DA:67,1
DA:69,1
DA:70,1
DA:73,1
DA:76,1
DA:79,1
DA:86,1
DA:89,1
DA:90,1
DA:91,1
DA:93,1
DA:94,1
DA:97,1
DA:100,1
DA:103,1
DA:109,1
DA:112,1
DA:113,1
DA:115,1
DA:116,1
DA:119,1
DA:122,1
DA:125,1
DA:132,1
DA:133,1
DA:135,1
DA:136,1
DA:139,1
DA:142,1
DA:145,1
DA:152,1
DA:157,1
DA:158,1
DA:162,1
DA:163,1
DA:165,1
DA:168,1
DA:170,1
DA:171,1
DA:172,1
DA:176,1
DA:177,1
DA:180,1
DA:181,1
DA:182,1
DA:187,1
DA:188,1
DA:191,1
DA:194,1
DA:195,1
DA:200,1
DA:201,1
DA:202,1
DA:203,1
DA:204,1
DA:207,1
DA:210,1
DA:213,1
DA:222,1
DA:223,1
DA:224,1
DA:225,1
DA:226,1
DA:229,1
DA:232,1
DA:235,1
DA:236,1
DA:245,1
DA:246,1
DA:247,1
DA:250,1
DA:253,1
DA:257,1
DA:260,1
DA:261,1
DA:262,1
DA:263,1
DA:265,1
DA:266,1
DA:267,1
DA:273,1
DA:274,0
LF:121
LH:120
end_of_record
TN:
SF:/Users/alex/work/py-sc-fermi/tests/test_defect_system.py
DA:1,1
DA:2,1
DA:4,1
DA:5,1
DA:6,1
DA:7,1
DA:8,1
DA:10,1
DA:11,1
DA:12,1
DA:17,1
DA:18,1
DA:19,1
DA:20,1
DA:21,1
DA:22,1
DA:23,1
DA:31,1
DA:32,1
DA:33,1
DA:34,1
DA:35,1
DA:38,1
DA:39,1
DA:40,1
DA:41,1
DA:42,1
DA:43,1
DA:44,1
DA:45,1
DA:46,1
DA:47,1
DA:48,1
DA:49,1
DA:50,1
DA:57,1
DA:58,1
DA:63,1
DA:64,1
DA:66,1
DA:67,1
DA:70,1
DA:73,1
DA:77,1
DA:78,1
DA:79,1
DA:80,1
DA:82,1
DA:83,1
DA:84,1
DA:85,1
DA:86,1
DA:87,1
DA:88,1
DA:89,1
DA:90,1
DA:101,1
DA:102,1
DA:103,1
DA:106,1
DA:107,1
DA:112,1
DA:113,1
DA:114,1
DA:115,1
DA:116,1
DA:119,1
DA:122,1
DA:123,1
DA:124,1
DA:125,1
DA:128,1
DA:132,1
DA:133,1
DA:135,1
DA:139,1
DA:141,1
DA:142,1
DA:143,1
DA:146,1
DA:147,1
DA:150,1
DA:152,1
DA:153,1
DA:154,1
DA:155,1
DA:157,1
DA:160,1
DA:162,1
DA:163,1
DA:164,1
DA:165,1
DA:166,1
DA:167,1
DA:172,1
DA:173,1
DA:176,1
DA:179,1
DA:185,1
DA:186,0
LF:100
LH:99
end_of_record
TN:
SF:/Users/alex/work/py-sc-fermi/tests/test_dos.py
DA:1,1
DA:2,1
DA:3,1
DA:4,1
DA:5,1
DA:6,1
DA:8,1
DA:9,1
DA:14,1
DA:15,1
DA:16,1
DA:17,1
DA:18,1
DA:19,1
DA:20,1
DA:23,1
DA:24,1
DA:25,1
DA:26,1
DA:27,1
DA:28,1
DA:31,1
DA:32,1
DA:33,1
DA:34,1
DA:35,1
DA:36,1
DA:37,1
DA:38,1
DA:46,1
DA:47,1
DA:49,1
DA:50,1
DA:52,1
DA:53,1
DA:55,1
DA:56,1
DA:58,1
DA:59,1
DA:61,1
DA:65,1
DA:66,1
DA:68,1
DA:69,1
DA:70,1
DA:73,1
DA:74,1
DA:76,1
DA:77,1
DA:79,1
DA:80,1
DA:82,1
DA:83,1
DA:85,1
DA:86,1
DA:88,1
DA:89,1
DA:95,1
DA:96,1
DA:97,1
DA:98,1
DA:101,1
DA:102,0
LF:63
LH:62
end_of_record
TN:
SF:/Users/alex/work/py-sc-fermi/tests/test_inputs.py
DA:1,1
DA:2,1
DA:3,1
DA:4,1
DA:6,1
DA:16,1
DA:18,1
DA:19,1
DA:20,1
DA:23,1
DA:26,1
DA:29,1
DA:30,1
DA:34,1
DA:35,1
DA:38,1
DA:39,1
DA:40,1
DA:42,1
DA:43,1
DA:45,1
DA:46,1
DA:47,1
DA:48,1
DA:49,1
DA:50,1
DA:51,1
DA:53,1
DA:54,1
DA:55,1
DA:57,1
DA:58,1
DA:64,1
DA:65,1
DA:66,1
DA:67,1
DA:68,1
DA:70,1
DA:71,1
DA:77,1
DA:78,1
DA:79,1
DA:80,1
DA:81,1
DA:82,1
DA:84,1
DA:85,1
DA:91,1
DA:92,1
DA:93,1
DA:94,1
DA:95,1
DA:97,1
DA:98,1
DA:99,1
DA:100,1
DA:101,1
DA:102,1
DA:103,1
DA:106,1
DA:107,0
LF:61
LH:60
end_of_record
